<?xml version="1.0" encoding="UTF-8"?>
<testng-results ignored="0" total="1" passed="1" failed="0" skipped="0">
  <reporter-output>
  </reporter-output>
  <suite started-at="2023-06-12T15:45:05 IST" name="Default suite" finished-at="2023-06-12T15:45:06 IST" duration-ms="37">
    <groups>
    </groups>
    <test started-at="2023-06-12T15:45:05 IST" name="Default test" finished-at="2023-06-12T15:45:06 IST" duration-ms="37">
      <class name="pack.Insert">
        <test-method signature="sampleTest1()[pri:0, instance:pack.Insert@3c419631]" started-at="2023-06-12T15:45:06 IST" name="sampleTest1" finished-at="2023-06-12T15:45:06 IST" duration-ms="6" status="PASS">
          <reporter-output>
          </reporter-output>
        </test-method> <!-- sampleTest1 -->
      </class> <!-- pack.Insert -->
    </test> <!-- Default test -->
  </suite> <!-- Default suite -->
</testng-results>
